<?xml version="1.0" encoding="UTF-8" ?>
<testsuite tests="7" failures="0" name="models.AnimalTest" time="0.229" errors="0" skipped="0">
  <properties>
[...]
</properties>
  <testcase classname="models.AnimalTest" name="save_insertsObjectIntoDatabase_Animal" time="0.041"/>
  <testcase classname="models.AnimalTest" name="equals_returnsTrueIfNameAreSame_true" time="0.016"/>
  <testcase classname="models.AnimalTest" name="save_assignsIdToAnimal" time="0.033"/>
  <testcase classname="models.AnimalTest" name="animal_instantiatesCorrectly_true" time="0.02"/>
  <testcase classname="models.AnimalTest" name="getName_animalInstantiatesWithName_Jaguar" time="0.012"/>
  <testcase classname="models.AnimalTest" name="find_returnsAnimalWithSameId_secondAnimal" time="0.053"/>
  <testcase classname="models.AnimalTest" name="all_returnsAllInstancesOfAnimal_true" time="0.054"/>
</testsuite>